0 info it worked if it ends with ok
1 verbose cli [ 'C:\\Program Files\\nodejs\\node.exe',
1 verbose cli   'C:\\Program Files\\nodejs\\node_modules\\npm\\bin\\npm-cli.js',
1 verbose cli   'run',
1 verbose cli   'test' ]
2 info using npm@3.10.10
3 info using node@v6.9.5
4 verbose run-script [ 'pretest', 'test', 'posttest' ]
5 info lifecycle wzn-utils@1.0.0~pretest: wzn-utils@1.0.0
6 silly lifecycle wzn-utils@1.0.0~pretest: no script for pretest, continuing
7 info lifecycle wzn-utils@1.0.0~test: wzn-utils@1.0.0
8 verbose lifecycle wzn-utils@1.0.0~test: unsafe-perm in lifecycle true
9 verbose lifecycle wzn-utils@1.0.0~test: PATH: C:\Program Files\nodejs\node_modules\npm\bin\node-gyp-bin;F:\person-project\study\projectUtils\node_modules\.bin;C:\Windows\system32;C:\Windows;C:\Windows\System32\Wbem;C:\Windows\System32\WindowsPowerShell\v1.0\;C:\Program Files\Java\jdk1.7.0_79\bin;E:\mavne\apache-maven-3.3.9\bin;C:\Program Files\nodejs\;F:\font-end-tool\bin;F:\font-end-tool\Git\cmd;E:\工作软件安装;E:\soft\Git1.95\bin;C:\Users\Administrator\AppData\Roaming\npm;F:\font-end-tool\vscode1\Microsoft VS Code\bin
10 verbose lifecycle wzn-utils@1.0.0~test: CWD: F:\person-project\study\projectUtils
11 silly lifecycle wzn-utils@1.0.0~test: Args: [ '/d /s /c',
11 silly lifecycle   'node node_modules/mocha/bin/mocha --watch --require babel-core/register' ]
12 silly lifecycle wzn-utils@1.0.0~test: Returned: code: 3221225786  signal: null
13 info lifecycle wzn-utils@1.0.0~test: Failed to exec test script
14 verbose stack Error: wzn-utils@1.0.0 test: `node node_modules/mocha/bin/mocha --watch --require babel-core/register`
14 verbose stack Exit status 3221225786
14 verbose stack     at EventEmitter.<anonymous> (C:\Program Files\nodejs\node_modules\npm\lib\utils\lifecycle.js:255:16)
14 verbose stack     at emitTwo (events.js:106:13)
14 verbose stack     at EventEmitter.emit (events.js:191:7)
14 verbose stack     at ChildProcess.<anonymous> (C:\Program Files\nodejs\node_modules\npm\lib\utils\spawn.js:40:14)
14 verbose stack     at emitTwo (events.js:106:13)
14 verbose stack     at ChildProcess.emit (events.js:191:7)
14 verbose stack     at maybeClose (internal/child_process.js:877:16)
14 verbose stack     at Process.ChildProcess._handle.onexit (internal/child_process.js:226:5)
15 verbose pkgid wzn-utils@1.0.0
16 verbose cwd F:\person-project\study\projectUtils
17 error Windows_NT 6.1.7601
18 error argv "C:\\Program Files\\nodejs\\node.exe" "C:\\Program Files\\nodejs\\node_modules\\npm\\bin\\npm-cli.js" "run" "test"
19 error node v6.9.5
20 error npm  v3.10.10
21 error code ELIFECYCLE
22 error wzn-utils@1.0.0 test: `node node_modules/mocha/bin/mocha --watch --require babel-core/register`
22 error Exit status 3221225786
23 error Failed at the wzn-utils@1.0.0 test script 'node node_modules/mocha/bin/mocha --watch --require babel-core/register'.
23 error Make sure you have the latest version of node.js and npm installed.
23 error If you do, this is most likely a problem with the wzn-utils package,
23 error not with npm itself.
23 error Tell the author that this fails on your system:
23 error     node node_modules/mocha/bin/mocha --watch --require babel-core/register
23 error You can get information on how to open an issue for this project with:
23 error     npm bugs wzn-utils
23 error Or if that isn't available, you can get their info via:
23 error     npm owner ls wzn-utils
23 error There is likely additional logging output above.
24 verbose exit [ 1, true ]
